<?xml version="1.0" encoding="UTF-8"?>
<!-- Generated by org.testng.reporters.JUnitReportReporter -->
<testsuite skipped="0" hostname="SACHIN-PC" name="qaclickacademy.AppiumTest" tests="1" failures="0" timestamp="15 Aug 2019 12:41:01 GMT" time="0.563" errors="0">
  <testcase name="NativeAPpAndroid" time="0.563" classname="qaclickacademy.AppiumTest"/>
</testsuite> <!-- qaclickacademy.AppiumTest -->
