<?xml version="1.0" encoding="UTF-8"?>
<!-- Generated by org.testng.reporters.JUnitReportReporter -->
<testsuite skipped="0" hostname="SACHIN-PC" name="rediff.TestCase" tests="1" failures="0" timestamp="30 Aug 2019 12:51:19 GMT" time="104.924" errors="0">
  <testcase name="TestCase1" time="104.924" classname="rediff.TestCase"/>
</testsuite> <!-- rediff.TestCase -->
