<?xml version="1.0" encoding="UTF-8"?>
<!-- Generated by org.testng.reporters.JUnitReportReporter -->
<testsuite skipped="0" hostname="SACHIN-PC" name="qaclickacademy.SeleniumTest" tests="2" failures="0" timestamp="15 Aug 2019 12:27:39 GMT" time="0.025" errors="0">
  <testcase name="BrowserAUtomation" time="0.025" classname="qaclickacademy.SeleniumTest"/>
  <testcase name="elementsUi" time="0.000" classname="qaclickacademy.SeleniumTest"/>
</testsuite> <!-- qaclickacademy.SeleniumTest -->
